<beans xmlns="http://www.springframework.org/schema/beans"
       xmlns:xsi="http://www.w3.org/2001/XMLSchema-instance"
       xmlns:neo4j="http://www.springframework.org/schema/data/neo4j"
       xmlns:context="http://www.springframework.org/schema/context" xmlns:tx="http://www.springframework.org/schema/tx"
       xsi:schemaLocation="http://www.springframework.org/schema/beans http://www.springframework.org/schema/beans/spring-beans-3.0.xsd

http://www.springframework.org/schema/data/neo4j http://www.springframework.org/schema/data/neo4j/spring-neo4j-2.0.xsd http://www.springframework.org/schema/context http://www.springframework.org/schema/context/spring-context-3.1.xsd http://www.springframework.org/schema/tx http://www.springframework.org/schema/tx/spring-tx-3.1.xsd">



    <context:annotation-config/>
    <context:spring-configured/>

    <neo4j:config id="graphDatabaseService"
                  storeDirectory="target/ch09-current-advanced-db"
                  base-package="com.manning.neo4jia.chapter09.advanced.domain"/>

    <!-- Instructs Spring Data where to look for repository implementations -->
    <neo4j:repositories base-package="com.manning.neo4jia.advanced.simple.repository"/>

    <tx:annotation-driven mode="aspectj"/>


</beans>