<beans xmlns="http://www.springframework.org/schema/beans"
       xmlns:xsi="http://www.w3.org/2001/XMLSchema-instance"
       xmlns:neo4j="http://www.springframework.org/schema/data/neo4j"
       xsi:schemaLocation="http://www.springframework.org/schema/beans http://www.springframework.org/schema/beans/spring-beans-3.0.xsd
http://www.springframework.org/schema/data/neo4j http://www.springframework.org/schema/data/neo4j/spring-neo4j-2.0.xsd">


    <neo4j:config id="graphDatabaseService"
                  storeDirectory="target/ch09-legacy-simple-db"
                  base-package="com.manning.neo4jia.chapter09.simple.indexbasedtrs.domain"/>
                  <!-- Instructs SDN where to look for SDN entity/domain objects to register for use -->

    <!-- Instructs SDN where to look for SDN repository interfaces -->
    <neo4j:repositories base-package="com.manning.neo4jia.chapter09.simple.indexbasedtrs.repository"/>

    <!-- We override the default Label based Type Representation strategy by supplying
         our own "typeRepresentationStrategyFactory" which uses the Legacy indexed based
         strategy. From SDN 3.0 onwards, the default type representation strategy
         is Label based, and in 2.3 and previous it was Indexed based. -->
    <bean id="typeRepresentationStrategyFactory" class="org.springframework.data.neo4j.support.typerepresentation.TypeRepresentationStrategyFactory">
        <constructor-arg index="0" ref="graphDatabase"/>
        <constructor-arg index="1" value="Indexed"/>
    </bean>

    <bean id="conversionService"
          class="org.springframework.context.support.ConversionServiceFactoryBean">
        <property name="converters">
            <set>
                <bean class="com.manning.neo4jia.chapter09.simple.indexbasedtrs.spring.PhoneNumber2StrConverter"/>
            </set>
        </property>
    </bean>


</beans>